<?xml version="1.0" encoding="UTF-8"?>
<!-- Generated by org.testng.reporters.JUnitReportReporter -->
<testsuite skipped="0" hostname="DESKTOP-AU7IRSP" name="TatvaCare.LoginTest" tests="3" failures="0" timestamp="2023-09-05T18:49:23 IST" time="58.885" errors="0">
  <testcase name="clickOnLoginButtonWithoutFillRequiredField" time="15.457" classname="TatvaCare.LoginTest"/>
  <system-out>
    <![CDATA[Step 1: Navigate to URl
Step 2: Click on the login button]]>
  </system-out>
  <testcase name="enterInvalidLoginCredentialsAndClickOnLoginButton" time="14.530" classname="TatvaCare.LoginTest"/>
  <system-out>
    <![CDATA[Step 1: Navigate to URl
Step 2: Enter invalid mobile number, invalid password and click on the login button
Step : Verify the validation message]]>
  </system-out>
  <testcase name="enterLoginCredentialsAndClickOnLoginButton" time="28.898" classname="TatvaCare.LoginTest"/>
  <system-out>
    <![CDATA[Step 1: Navigate to URl
Step 2: Enter mobileNumber, password and click on the login button]]>
  </system-out>
</testsuite> <!-- TatvaCare.LoginTest -->
